\BOOKMARK [0][-]{section*.1}{S\370knad om Meritteringsordning for utdanningsfaglig kompetanse ved Universitetet i Oslo}{}% 1
\BOOKMARK [1][-]{section*.2}{Kort introduksjon}{section*.1}% 2
\BOOKMARK [1][-]{section*.3}{Bakgrunnsinformasjon}{section*.1}% 3
\BOOKMARK [2][-]{section*.4}{Utdanningsspriser}{section*.3}% 4
\BOOKMARK [1][-]{section*.5}{S\370knaden: Beskrivelse av undervisningsarbeid, utvikling og forskning}{section*.1}% 5
\BOOKMARK [2][-]{section*.6}{Overordna m\345lsettinger ved mitt utdanningsarbeid}{section*.5}% 6
\BOOKMARK [2][-]{section*.7}{Faglig fornying av utdanning og arbeid med studieprogram}{section*.5}% 7
\BOOKMARK [2][-]{section*.8}{Utvikling av studiemilj\370}{section*.5}% 8
\BOOKMARK [2][-]{section*.9}{Utvikling av kurs med prosjektbasert innhold}{section*.5}% 9
\BOOKMARK [2][-]{section*.10}{Internasjonale tiltak}{section*.5}% 10
\BOOKMARK [2][-]{section*.11}{Utdanningsforskning}{section*.5}% 11
\BOOKMARK [1][-]{section*.12}{Pedagogisk mappe}{section*.1}% 12
\BOOKMARK [2][-]{section*.13}{Utdanningsverv og redakt\370ransvar for l\346reb\370ker i fysikk}{section*.12}% 13
\BOOKMARK [2][-]{section*.14}{Overordna m\345lsettinger med utdanningsaktiviteten min}{section*.12}% 14
\BOOKMARK [2][-]{section*.15}{Prosjektbasert undervisning og vegen videre}{section*.12}% 15
\BOOKMARK [2][-]{section*.16}{Computing in Science Education}{section*.12}% 16
\BOOKMARK [2][-]{section*.17}{Utvikling av studiemilj\370}{section*.12}% 17
\BOOKMARK [2][-]{section*.18}{Nye tiltak}{section*.12}% 18
\BOOKMARK [2][-]{section*.19}{Ei forskningsbasert tiln\346rming til utdanning}{section*.12}% 19
\BOOKMARK [2][-]{section*.21}{Studenter og Post-Docs}{section*.12}% 20
\BOOKMARK [2][-]{section*.27}{Medlem av PhD komiteer ved MSU}{section*.12}% 21
\BOOKMARK [2][-]{section*.28}{Internasjonale utdanningstiltak}{section*.12}% 22
\BOOKMARK [2][-]{section*.29}{Organisering av skoler og foredrag ved skoler}{section*.12}% 23
\BOOKMARK [2][-]{section*.30}{Undervisningsrelevante foredrag}{section*.12}% 24
